info: ::1 - - [11/Feb/2025:04:06:13 +0000] "POST /api/v1/users HTTP/1.1" 500 55 "-" "PostmanRuntime/7.37.3"

info: ::1 - - [11/Feb/2025:04:06:23 +0000] "GET /api/v1/users HTTP/1.1" 200 47713 "-" "PostmanRuntime/7.37.3"

info: ::1 - - [11/Feb/2025:04:07:13 +0000] "GET /api/v1/users/ HTTP/1.1" 200 47713 "-" "PostmanRuntime/7.37.3"

info: ::1 - - [11/Feb/2025:04:07:19 +0000] "GET /api/v1/users/ HTTP/1.1" 200 47713 "-" "PostmanRuntime/7.37.3"

info: ::1 - - [11/Feb/2025:04:07:35 +0000] "GET /api/v1/users HTTP/1.1" 200 47713 "-" "PostmanRuntime/7.37.3"

info: ::1 - - [11/Feb/2025:04:11:37 +0000] "GET /api/v1/users HTTP/1.1" 200 65 "-" "PostmanRuntime/7.37.3"

info: ::1 - - [11/Feb/2025:04:11:44 +0000] "GET /api/v1/users HTTP/1.1" 200 65 "-" "PostmanRuntime/7.37.3"

info: ::1 - - [11/Feb/2025:04:12:26 +0000] "POST /api/v1/users HTTP/1.1" 201 192 "-" "PostmanRuntime/7.37.3"

info: ::1 - - [11/Feb/2025:04:13:19 +0000] "DELETE /api/v1/users/67aace2a2bb8e10430ede6fe HTTP/1.1" 200 60 "-" "PostmanRuntime/7.37.3"

info: ::1 - - [11/Feb/2025:04:17:33 +0000] "DELETE /api/v1/users/ HTTP/1.1" 404 47 "-" "PostmanRuntime/7.37.3"

info: ::1 - - [11/Feb/2025:04:17:41 +0000] "GET /api/v1/users/ HTTP/1.1" 200 65 "-" "PostmanRuntime/7.37.3"

info: ::1 - - [11/Feb/2025:04:18:01 +0000] "GET /api/v1/users/ HTTP/1.1" 200 65 "-" "PostmanRuntime/7.37.3"

info: ::1 - - [11/Feb/2025:04:18:10 +0000] "GET /api/v1/users/ HTTP/1.1" 200 65 "-" "PostmanRuntime/7.37.3"

info: ::1 - - [11/Feb/2025:04:18:24 +0000] "POST /api/v1/users/ HTTP/1.1" 201 199 "-" "PostmanRuntime/7.37.3"

info: ::1 - - [11/Feb/2025:04:30:24 +0000] "POST /api/v1/users/ HTTP/1.1" 500 80 "-" "PostmanRuntime/7.37.3"

info: ::1 - - [11/Feb/2025:04:30:30 +0000] "POST /api/v1/users/ HTTP/1.1" 500 80 "-" "PostmanRuntime/7.37.3"

info: ::1 - - [11/Feb/2025:04:30:41 +0000] "POST /api/v1/users/ HTTP/1.1" 500 80 "-" "PostmanRuntime/7.37.3"

info: ::1 - - [11/Feb/2025:04:30:50 +0000] "POST /api/v1/users/ HTTP/1.1" 500 71 "-" "PostmanRuntime/7.37.3"

info: ::1 - - [11/Feb/2025:04:30:57 +0000] "POST /api/v1/users/ HTTP/1.1" 500 80 "-" "PostmanRuntime/7.37.3"

info: ::1 - - [11/Feb/2025:04:31:30 +0000] "POST /api/v1/users/ HTTP/1.1" 500 73 "-" "PostmanRuntime/7.37.3"

info: ::1 - - [11/Feb/2025:04:31:38 +0000] "POST /api/v1/users/ HTTP/1.1" 500 73 "-" "PostmanRuntime/7.37.3"

info: ::1 - - [11/Feb/2025:04:31:43 +0000] "POST /api/v1/users/ HTTP/1.1" 500 73 "-" "PostmanRuntime/7.37.3"

info: ::1 - - [11/Feb/2025:04:32:21 +0000] "POST /api/v1/users/ HTTP/1.1" 500 73 "-" "PostmanRuntime/7.37.3"

info: ::1 - - [11/Feb/2025:04:33:02 +0000] "POST /api/v1/users/ HTTP/1.1" 500 73 "-" "PostmanRuntime/7.37.3"

info: ::1 - - [11/Feb/2025:04:33:07 +0000] "POST /api/v1/users HTTP/1.1" 500 73 "-" "PostmanRuntime/7.37.3"

info: ::1 - - [11/Feb/2025:04:34:02 +0000] "POST /api/v1/users HTTP/1.1" 500 80 "-" "PostmanRuntime/7.37.3"

info: ::1 - - [11/Feb/2025:04:35:30 +0000] "POST /api/v1/users HTTP/1.1" 500 80 "-" "PostmanRuntime/7.37.3"

info: ::1 - - [11/Feb/2025:04:37:48 +0000] "POST /api/v1/users HTTP/1.1" 500 80 "-" "PostmanRuntime/7.37.3"

info: ::1 - - [11/Feb/2025:04:38:59 +0000] "POST /api/v1/users HTTP/1.1" 500 80 "-" "PostmanRuntime/7.37.3"

info: ::1 - - [11/Feb/2025:04:41:52 +0000] "POST /api/v1/users HTTP/1.1" 500 80 "-" "PostmanRuntime/7.37.3"

info: ::1 - - [11/Feb/2025:04:47:25 +0000] "POST /api/v1/users HTTP/1.1" 500 80 "-" "PostmanRuntime/7.37.3"

info: ::1 - - [11/Feb/2025:04:47:26 +0000] "POST /api/v1/users HTTP/1.1" 500 80 "-" "PostmanRuntime/7.37.3"

info: ::1 - - [11/Feb/2025:04:47:59 +0000] "POST /api/v1/users HTTP/1.1" 500 80 "-" "PostmanRuntime/7.37.3"

info: ::1 - - [11/Feb/2025:04:58:08 +0000] "POST /api/v1/users HTTP/1.1" - - "-" "PostmanRuntime/7.37.3"

info: ::1 - - [11/Feb/2025:04:59:01 +0000] "POST /api/v1/users HTTP/1.1" - - "-" "PostmanRuntime/7.37.3"

info: ::1 - - [11/Feb/2025:05:04:13 +0000] "POST /api/v1/users HTTP/1.1" 201 278 "-" "PostmanRuntime/7.37.3"

info: ::1 - - [11/Feb/2025:05:04:59 +0000] "POST /api/v1/users HTTP/1.1" 201 279 "-" "PostmanRuntime/7.37.3"

info: ::1 - - [11/Feb/2025:05:06:29 +0000] "GET /api/v1 HTTP/1.1" 200 9 "-" "Mozilla/5.0 (Windows NT 10.0; Win64; x64) AppleWebKit/537.36 (KHTML, like Gecko) Chrome/132.0.0.0 Safari/537.36"

info: ::1 - - [11/Feb/2025:05:06:29 +0000] "GET /favicon.ico HTTP/1.1" 404 47 "-" "Mozilla/5.0 (Windows NT 10.0; Win64; x64) AppleWebKit/537.36 (KHTML, like Gecko) Chrome/132.0.0.0 Safari/537.36"

info: ::1 - - [11/Feb/2025:05:07:56 +0000] "POST /api/v1/users HTTP/1.1" 500 69 "-" "PostmanRuntime/7.37.3"

info: ::1 - - [11/Feb/2025:05:08:16 +0000] "POST /api/v1/users HTTP/1.1" 500 51 "-" "PostmanRuntime/7.37.3"

info: ::1 - - [11/Feb/2025:05:44:42 +0000] "GET /api/v1/users HTTP/1.1" 200 499 "-" "PostmanRuntime/7.37.3"

info: ::1 - - [11/Feb/2025:05:58:37 +0000] "GET /api/v1/users HTTP/1.1" 200 499 "-" "PostmanRuntime/7.37.3"

info: ::1 - - [11/Feb/2025:06:26:56 +0000] "POST /api/v1/users HTTP/1.1" 201 386 "-" "PostmanRuntime/7.37.3"

info: ::1 - - [11/Feb/2025:08:35:10 +0000] "POST /api/v1/users HTTP/1.1" 201 112 "-" "PostmanRuntime/7.43.0"

info: ::1 - - [11/Feb/2025:08:35:23 +0000] "GET /api/v1/users HTTP/1.1" 200 644 "-" "PostmanRuntime/7.43.0"

info: ::1 - - [11/Feb/2025:08:36:12 +0000] "GET /api/v1/users HTTP/1.1" 200 762 "-" "PostmanRuntime/7.43.0"

info: ::1 - - [11/Feb/2025:08:36:54 +0000] "POST /api/v1/users HTTP/1.1" 500 93 "-" "PostmanRuntime/7.43.0"

info: ::1 - - [11/Feb/2025:08:37:02 +0000] "POST /api/v1/users HTTP/1.1" 500 93 "-" "PostmanRuntime/7.43.0"

info: ::1 - - [11/Feb/2025:08:37:08 +0000] "POST /api/v1/users HTTP/1.1" 201 384 "-" "PostmanRuntime/7.43.0"

info: ::1 - - [11/Feb/2025:08:39:30 +0000] "POST /api/v1/users/login HTTP/1.1" 404 47 "-" "PostmanRuntime/7.43.0"

info: ::1 - - [11/Feb/2025:08:46:11 +0000] "POST /api/v1/users/login HTTP/1.1" 500 51 "-" "PostmanRuntime/7.43.0"

info: ::1 - - [11/Feb/2025:08:47:29 +0000] "POST /api/v1/users/login HTTP/1.1" 500 53 "-" "PostmanRuntime/7.43.0"

info: ::1 - - [11/Feb/2025:08:48:21 +0000] "POST /api/v1/users/login HTTP/1.1" 500 68 "-" "PostmanRuntime/7.43.0"

info: ::1 - - [11/Feb/2025:08:51:20 +0000] "POST /api/v1/users/login HTTP/1.1" 500 68 "-" "PostmanRuntime/7.43.0"

info: ::1 - - [11/Feb/2025:09:03:36 +0000] "POST /api/v1/users/login HTTP/1.1" 200 362 "-" "PostmanRuntime/7.43.0"

info: ::1 - - [11/Feb/2025:09:23:47 +0000] "POST /api/v1/users/login HTTP/1.1" 500 53 "-" "PostmanRuntime/7.43.0"

info: ::1 - - [11/Feb/2025:09:25:36 +0000] "POST /api/v1/users/ HTTP/1.1" 201 386 "-" "PostmanRuntime/7.43.0"

info: ::1 - - [11/Feb/2025:09:25:52 +0000] "POST /api/v1/users/login HTTP/1.1" 500 53 "-" "PostmanRuntime/7.43.0"

info: ::1 - - [11/Feb/2025:09:57:45 +0000] "POST /api/v1/users/login HTTP/1.1" 200 275 "-" "PostmanRuntime/7.43.0"

info: ::1 - - [11/Feb/2025:10:17:40 +0000] "POST /api/v1/notes HTTP/1.1" 404 47 "-" "PostmanRuntime/7.43.0"

info: ::1 - - [11/Feb/2025:10:18:16 +0000] "POST /api/v1/notes HTTP/1.1" 404 47 "-" "PostmanRuntime/7.43.0"

info: ::1 - - [11/Feb/2025:12:46:48 +0000] "POST /api/v1/notes HTTP/1.1" 404 47 "-" "PostmanRuntime/7.43.0"

info: ::1 - - [11/Feb/2025:12:49:49 +0000] "POST /api/v1/notes HTTP/1.1" 404 47 "-" "PostmanRuntime/7.43.0"

info: ::1 - - [11/Feb/2025:12:50:05 +0000] "POST /api/v1/notes HTTP/1.1" 404 47 "-" "PostmanRuntime/7.43.0"

info: ::1 - - [11/Feb/2025:12:50:48 +0000] "POST /api/v1/notes HTTP/1.1" 404 47 "-" "PostmanRuntime/7.43.0"

info: ::1 - - [11/Feb/2025:12:52:05 +0000] "POST /api/v1/notes HTTP/1.1" 404 47 "-" "PostmanRuntime/7.43.0"

info: ::1 - - [11/Feb/2025:12:52:36 +0000] "POST /api/v1/notes HTTP/1.1" 404 47 "-" "PostmanRuntime/7.43.0"

info: ::1 - - [11/Feb/2025:12:52:44 +0000] "POST /api/v1/notes HTTP/1.1" 404 47 "-" "PostmanRuntime/7.43.0"

info: ::1 - - [11/Feb/2025:12:53:30 +0000] "GET /api/v1/notes HTTP/1.1" 404 47 "-" "PostmanRuntime/7.43.0"

info: ::1 - - [11/Feb/2025:12:54:24 +0000] "GET /api/v1/notes HTTP/1.1" 404 47 "-" "PostmanRuntime/7.43.0"

info: ::1 - - [11/Feb/2025:13:02:28 +0000] "GET /api/v1/notes HTTP/1.1" 404 47 "-" "PostmanRuntime/7.43.0"

info: ::1 - - [11/Feb/2025:13:05:05 +0000] "POST /api/v1/users/login HTTP/1.1" 400 50 "-" "PostmanRuntime/7.43.0"

info: ::1 - - [11/Feb/2025:13:05:18 +0000] "POST /api/v1/users HTTP/1.1" 500 55 "-" "PostmanRuntime/7.43.0"

info: ::1 - - [11/Feb/2025:13:05:34 +0000] "POST /api/v1/users HTTP/1.1" 500 73 "-" "PostmanRuntime/7.43.0"

info: ::1 - - [11/Feb/2025:13:05:41 +0000] "POST /api/v1/users HTTP/1.1" 201 357 "-" "PostmanRuntime/7.43.0"

info: ::1 - - [11/Feb/2025:13:05:57 +0000] "POST /api/v1/users/login HTTP/1.1" 200 272 "-" "PostmanRuntime/7.43.0"

info: ::1 - - [11/Feb/2025:13:06:47 +0000] "GET /api/v1/notes HTTP/1.1" 404 47 "-" "PostmanRuntime/7.43.0"

info: ::1 - - [11/Feb/2025:13:08:51 +0000] "GET /api/v1/notes HTTP/1.1" 404 47 "-" "PostmanRuntime/7.43.0"

info: ::1 - - [11/Feb/2025:13:09:09 +0000] "GET /api/v1/notes HTTP/1.1" 404 47 "-" "PostmanRuntime/7.43.0"

info: ::1 - - [11/Feb/2025:13:09:40 +0000] "GET /api/v1/notes HTTP/1.1" 404 47 "-" "PostmanRuntime/7.43.0"

info: ::1 - - [11/Feb/2025:13:10:14 +0000] "GET /api/v1/notes HTTP/1.1" 404 47 "-" "PostmanRuntime/7.43.0"

info: ::1 - - [11/Feb/2025:13:12:40 +0000] "GET /api/v1/notes HTTP/1.1" 404 47 "-" "PostmanRuntime/7.43.0"

info: ::1 - - [11/Feb/2025:13:14:12 +0000] "GET /api/v1/notes HTTP/1.1" 404 47 "-" "PostmanRuntime/7.43.0"

info: ::1 - - [11/Feb/2025:13:22:55 +0000] "POST /api/v1/notes HTTP/1.1" 500 48 "-" "PostmanRuntime/7.43.0"

info: ::1 - - [11/Feb/2025:13:23:38 +0000] "POST /api/v1/notes HTTP/1.1" 500 48 "-" "PostmanRuntime/7.43.0"

info: ::1 - - [11/Feb/2025:13:24:16 +0000] "POST /api/v1/notes HTTP/1.1" 500 48 "-" "PostmanRuntime/7.43.0"

info: ::1 - - [11/Feb/2025:13:25:24 +0000] "POST /api/v1/notes HTTP/1.1" 500 48 "-" "PostmanRuntime/7.43.0"

info: ::1 - - [11/Feb/2025:13:26:09 +0000] "POST /api/v1/notes HTTP/1.1" 500 48 "-" "PostmanRuntime/7.43.0"

info: ::1 - - [11/Feb/2025:13:27:14 +0000] "POST /api/v1/notes HTTP/1.1" 500 48 "-" "PostmanRuntime/7.43.0"

info: ::1 - - [11/Feb/2025:13:29:33 +0000] "POST /api/v1/notes HTTP/1.1" 500 48 "-" "PostmanRuntime/7.43.0"

info: ::1 - - [11/Feb/2025:13:30:17 +0000] "POST /api/v1/users/login HTTP/1.1" 200 275 "-" "PostmanRuntime/7.43.0"

info: ::1 - - [11/Feb/2025:13:30:57 +0000] "POST /api/v1/notes HTTP/1.1" 500 48 "-" "PostmanRuntime/7.43.0"

info: ::1 - - [11/Feb/2025:13:36:21 +0000] "POST /api/v1/notes HTTP/1.1" 401 38 "-" "PostmanRuntime/7.43.0"

