info: ::1 - - [11/Feb/2025:04:06:13 +0000] "POST /api/v1/users HTTP/1.1" 500 55 "-" "PostmanRuntime/7.37.3"

info: ::1 - - [11/Feb/2025:04:06:23 +0000] "GET /api/v1/users HTTP/1.1" 200 47713 "-" "PostmanRuntime/7.37.3"

info: ::1 - - [11/Feb/2025:04:07:13 +0000] "GET /api/v1/users/ HTTP/1.1" 200 47713 "-" "PostmanRuntime/7.37.3"

info: ::1 - - [11/Feb/2025:04:07:19 +0000] "GET /api/v1/users/ HTTP/1.1" 200 47713 "-" "PostmanRuntime/7.37.3"

info: ::1 - - [11/Feb/2025:04:07:35 +0000] "GET /api/v1/users HTTP/1.1" 200 47713 "-" "PostmanRuntime/7.37.3"

error: uncaughtException: listen EADDRINUSE: address already in use :::5000
Error: listen EADDRINUSE: address already in use :::5000
    at Server.setupListenHandle [as _listen2] (node:net:1937:16)
    at listenInCluster (node:net:1994:12)
    at Server.listen (node:net:2099:7)
    at Function.listen (D:\My College\CUIET\8 Semesters\BridgeLabz\BL_javascript\Backend\fundo-project\node_modules\express\lib\application.js:635:24)
    at Object.<anonymous> (D:\My College\CUIET\8 Semesters\BridgeLabz\BL_javascript\Backend\fundo-project\src\/index.js:37:5)
    at Module._compile (node:internal/modules/cjs/loader:1562:14)
    at Module._compile (D:\My College\CUIET\8 Semesters\BridgeLabz\BL_javascript\Backend\fundo-project\node_modules\pirates\lib\index.js:117:24)
    at node:internal/modules/cjs/loader:1699:10
    at Object.newLoader [as .js] (D:\My College\CUIET\8 Semesters\BridgeLabz\BL_javascript\Backend\fundo-project\node_modules\pirates\lib\index.js:121:7)
    at Module.load (node:internal/modules/cjs/loader:1313:32)
    at Function._load (node:internal/modules/cjs/loader:1123:12)
    at TracingChannel.traceSync (node:diagnostics_channel:322:14)
    at wrapModuleLoad (node:internal/modules/cjs/loader:217:24)
    at Function.runMain (node:internal/modules/run_main:170:5)
    at Object.<anonymous> (D:\My College\CUIET\8 Semesters\BridgeLabz\BL_javascript\Backend\fundo-project\node_modules\@babel\node\src\_babel-node.ts:159:12)
    at Module._compile (node:internal/modules/cjs/loader:1562:14)
    at Object.<anonymous> (node:internal/modules/cjs/loader:1699:10)
    at Module.load (node:internal/modules/cjs/loader:1313:32)
    at Function._load (node:internal/modules/cjs/loader:1123:12)
    at TracingChannel.traceSync (node:diagnostics_channel:322:14)
    at wrapModuleLoad (node:internal/modules/cjs/loader:217:24)
    at Function.executeUserEntryPoint [as runMain] (node:internal/modules/run_main:170:5)
    at node:internal/main/run_main_module:36:49 {"date":"Tue Feb 11 2025 09:40:40 GMT+0530 (India Standard Time)","error":{"address":"::","code":"EADDRINUSE","errno":-4091,"port":5000,"syscall":"listen"},"exception":true,"os":{"loadavg":[0,0,0],"uptime":868229.375},"process":{"argv":["node","D:\\My College\\CUIET\\8 Semesters\\BridgeLabz\\BL_javascript\\Backend\\fundo-project\\src\\index.js"],"cwd":"D:\\My College\\CUIET\\8 Semesters\\BridgeLabz\\BL_javascript\\Backend\\fundo-project","execPath":"C:\\Program Files\\nodejs\\node.exe","gid":null,"memoryUsage":{"arrayBuffers":18278505,"external":21360593,"heapTotal":89534464,"heapUsed":51221680,"rss":132845568},"pid":21572,"uid":null,"version":"v22.13.0"},"stack":"Error: listen EADDRINUSE: address already in use :::5000\n    at Server.setupListenHandle [as _listen2] (node:net:1937:16)\n    at listenInCluster (node:net:1994:12)\n    at Server.listen (node:net:2099:7)\n    at Function.listen (D:\\My College\\CUIET\\8 Semesters\\BridgeLabz\\BL_javascript\\Backend\\fundo-project\\node_modules\\express\\lib\\application.js:635:24)\n    at Object.<anonymous> (D:\\My College\\CUIET\\8 Semesters\\BridgeLabz\\BL_javascript\\Backend\\fundo-project\\src\\/index.js:37:5)\n    at Module._compile (node:internal/modules/cjs/loader:1562:14)\n    at Module._compile (D:\\My College\\CUIET\\8 Semesters\\BridgeLabz\\BL_javascript\\Backend\\fundo-project\\node_modules\\pirates\\lib\\index.js:117:24)\n    at node:internal/modules/cjs/loader:1699:10\n    at Object.newLoader [as .js] (D:\\My College\\CUIET\\8 Semesters\\BridgeLabz\\BL_javascript\\Backend\\fundo-project\\node_modules\\pirates\\lib\\index.js:121:7)\n    at Module.load (node:internal/modules/cjs/loader:1313:32)\n    at Function._load (node:internal/modules/cjs/loader:1123:12)\n    at TracingChannel.traceSync (node:diagnostics_channel:322:14)\n    at wrapModuleLoad (node:internal/modules/cjs/loader:217:24)\n    at Function.runMain (node:internal/modules/run_main:170:5)\n    at Object.<anonymous> (D:\\My College\\CUIET\\8 Semesters\\BridgeLabz\\BL_javascript\\Backend\\fundo-project\\node_modules\\@babel\\node\\src\\_babel-node.ts:159:12)\n    at Module._compile (node:internal/modules/cjs/loader:1562:14)\n    at Object.<anonymous> (node:internal/modules/cjs/loader:1699:10)\n    at Module.load (node:internal/modules/cjs/loader:1313:32)\n    at Function._load (node:internal/modules/cjs/loader:1123:12)\n    at TracingChannel.traceSync (node:diagnostics_channel:322:14)\n    at wrapModuleLoad (node:internal/modules/cjs/loader:217:24)\n    at Function.executeUserEntryPoint [as runMain] (node:internal/modules/run_main:170:5)\n    at node:internal/main/run_main_module:36:49","trace":[{"column":16,"file":"node:net","function":"Server.setupListenHandle [as _listen2]","line":1937,"method":"setupListenHandle [as _listen2]","native":false},{"column":12,"file":"node:net","function":"listenInCluster","line":1994,"method":null,"native":false},{"column":7,"file":"node:net","function":"Server.listen","line":2099,"method":"listen","native":false},{"column":24,"file":"D:\\My College\\CUIET\\8 Semesters\\BridgeLabz\\BL_javascript\\Backend\\fundo-project\\node_modules\\express\\lib\\application.js","function":"Function.listen","line":635,"method":"listen","native":false},{"column":5,"file":"D:\\My College\\CUIET\\8 Semesters\\BridgeLabz\\BL_javascript\\Backend\\fundo-project\\src\\/index.js","function":null,"line":37,"method":null,"native":false},{"column":14,"file":"node:internal/modules/cjs/loader","function":"Module._compile","line":1562,"method":"_compile","native":false},{"column":24,"file":"D:\\My College\\CUIET\\8 Semesters\\BridgeLabz\\BL_javascript\\Backend\\fundo-project\\node_modules\\pirates\\lib\\index.js","function":"Module._compile","line":117,"method":"_compile","native":false},{"column":10,"file":"node:internal/modules/cjs/loader","function":null,"line":1699,"method":null,"native":false},{"column":7,"file":"D:\\My College\\CUIET\\8 Semesters\\BridgeLabz\\BL_javascript\\Backend\\fundo-project\\node_modules\\pirates\\lib\\index.js","function":"Object.newLoader [as .js]","line":121,"method":"js]","native":false},{"column":32,"file":"node:internal/modules/cjs/loader","function":"Module.load","line":1313,"method":"load","native":false},{"column":12,"file":"node:internal/modules/cjs/loader","function":"Function._load","line":1123,"method":"_load","native":false},{"column":14,"file":"node:diagnostics_channel","function":"TracingChannel.traceSync","line":322,"method":"traceSync","native":false},{"column":24,"file":"node:internal/modules/cjs/loader","function":"wrapModuleLoad","line":217,"method":null,"native":false},{"column":5,"file":"node:internal/modules/run_main","function":"Function.runMain","line":170,"method":"runMain","native":false},{"column":12,"file":"D:\\My College\\CUIET\\8 Semesters\\BridgeLabz\\BL_javascript\\Backend\\fundo-project\\node_modules\\@babel\\node\\src\\_babel-node.ts","function":null,"line":159,"method":null,"native":false},{"column":14,"file":"node:internal/modules/cjs/loader","function":"Module._compile","line":1562,"method":"_compile","native":false},{"column":10,"file":"node:internal/modules/cjs/loader","function":null,"line":1699,"method":null,"native":false},{"column":32,"file":"node:internal/modules/cjs/loader","function":"Module.load","line":1313,"method":"load","native":false},{"column":12,"file":"node:internal/modules/cjs/loader","function":"Function._load","line":1123,"method":"_load","native":false},{"column":14,"file":"node:diagnostics_channel","function":"TracingChannel.traceSync","line":322,"method":"traceSync","native":false},{"column":24,"file":"node:internal/modules/cjs/loader","function":"wrapModuleLoad","line":217,"method":null,"native":false},{"column":5,"file":"node:internal/modules/run_main","function":"Function.executeUserEntryPoint [as runMain]","line":170,"method":"executeUserEntryPoint [as runMain]","native":false},{"column":49,"file":"node:internal/main/run_main_module","function":null,"line":36,"method":null,"native":false}]}
info: ::1 - - [11/Feb/2025:04:11:37 +0000] "GET /api/v1/users HTTP/1.1" 200 65 "-" "PostmanRuntime/7.37.3"

info: ::1 - - [11/Feb/2025:04:11:44 +0000] "GET /api/v1/users HTTP/1.1" 200 65 "-" "PostmanRuntime/7.37.3"

info: ::1 - - [11/Feb/2025:04:12:26 +0000] "POST /api/v1/users HTTP/1.1" 201 192 "-" "PostmanRuntime/7.37.3"

info: ::1 - - [11/Feb/2025:04:13:19 +0000] "DELETE /api/v1/users/67aace2a2bb8e10430ede6fe HTTP/1.1" 200 60 "-" "PostmanRuntime/7.37.3"

info: ::1 - - [11/Feb/2025:04:17:33 +0000] "DELETE /api/v1/users/ HTTP/1.1" 404 47 "-" "PostmanRuntime/7.37.3"

info: ::1 - - [11/Feb/2025:04:17:41 +0000] "GET /api/v1/users/ HTTP/1.1" 200 65 "-" "PostmanRuntime/7.37.3"

info: ::1 - - [11/Feb/2025:04:18:01 +0000] "GET /api/v1/users/ HTTP/1.1" 200 65 "-" "PostmanRuntime/7.37.3"

info: ::1 - - [11/Feb/2025:04:18:10 +0000] "GET /api/v1/users/ HTTP/1.1" 200 65 "-" "PostmanRuntime/7.37.3"

info: ::1 - - [11/Feb/2025:04:18:24 +0000] "POST /api/v1/users/ HTTP/1.1" 201 199 "-" "PostmanRuntime/7.37.3"

info: ::1 - - [11/Feb/2025:04:30:24 +0000] "POST /api/v1/users/ HTTP/1.1" 500 80 "-" "PostmanRuntime/7.37.3"

info: ::1 - - [11/Feb/2025:04:30:30 +0000] "POST /api/v1/users/ HTTP/1.1" 500 80 "-" "PostmanRuntime/7.37.3"

info: ::1 - - [11/Feb/2025:04:30:41 +0000] "POST /api/v1/users/ HTTP/1.1" 500 80 "-" "PostmanRuntime/7.37.3"

info: ::1 - - [11/Feb/2025:04:30:50 +0000] "POST /api/v1/users/ HTTP/1.1" 500 71 "-" "PostmanRuntime/7.37.3"

info: ::1 - - [11/Feb/2025:04:30:57 +0000] "POST /api/v1/users/ HTTP/1.1" 500 80 "-" "PostmanRuntime/7.37.3"

info: ::1 - - [11/Feb/2025:04:31:30 +0000] "POST /api/v1/users/ HTTP/1.1" 500 73 "-" "PostmanRuntime/7.37.3"

info: ::1 - - [11/Feb/2025:04:31:38 +0000] "POST /api/v1/users/ HTTP/1.1" 500 73 "-" "PostmanRuntime/7.37.3"

info: ::1 - - [11/Feb/2025:04:31:43 +0000] "POST /api/v1/users/ HTTP/1.1" 500 73 "-" "PostmanRuntime/7.37.3"

info: ::1 - - [11/Feb/2025:04:32:21 +0000] "POST /api/v1/users/ HTTP/1.1" 500 73 "-" "PostmanRuntime/7.37.3"

info: ::1 - - [11/Feb/2025:04:33:02 +0000] "POST /api/v1/users/ HTTP/1.1" 500 73 "-" "PostmanRuntime/7.37.3"

info: ::1 - - [11/Feb/2025:04:33:07 +0000] "POST /api/v1/users HTTP/1.1" 500 73 "-" "PostmanRuntime/7.37.3"

info: ::1 - - [11/Feb/2025:04:34:02 +0000] "POST /api/v1/users HTTP/1.1" 500 80 "-" "PostmanRuntime/7.37.3"

info: ::1 - - [11/Feb/2025:04:35:30 +0000] "POST /api/v1/users HTTP/1.1" 500 80 "-" "PostmanRuntime/7.37.3"

info: ::1 - - [11/Feb/2025:04:37:48 +0000] "POST /api/v1/users HTTP/1.1" 500 80 "-" "PostmanRuntime/7.37.3"

info: ::1 - - [11/Feb/2025:04:38:59 +0000] "POST /api/v1/users HTTP/1.1" 500 80 "-" "PostmanRuntime/7.37.3"

info: ::1 - - [11/Feb/2025:04:41:52 +0000] "POST /api/v1/users HTTP/1.1" 500 80 "-" "PostmanRuntime/7.37.3"

info: ::1 - - [11/Feb/2025:04:47:25 +0000] "POST /api/v1/users HTTP/1.1" 500 80 "-" "PostmanRuntime/7.37.3"

info: ::1 - - [11/Feb/2025:04:47:26 +0000] "POST /api/v1/users HTTP/1.1" 500 80 "-" "PostmanRuntime/7.37.3"

info: ::1 - - [11/Feb/2025:04:47:59 +0000] "POST /api/v1/users HTTP/1.1" 500 80 "-" "PostmanRuntime/7.37.3"

info: ::1 - - [11/Feb/2025:04:58:08 +0000] "POST /api/v1/users HTTP/1.1" - - "-" "PostmanRuntime/7.37.3"

info: ::1 - - [11/Feb/2025:04:59:01 +0000] "POST /api/v1/users HTTP/1.1" - - "-" "PostmanRuntime/7.37.3"

info: ::1 - - [11/Feb/2025:05:04:13 +0000] "POST /api/v1/users HTTP/1.1" 201 278 "-" "PostmanRuntime/7.37.3"

info: ::1 - - [11/Feb/2025:05:04:59 +0000] "POST /api/v1/users HTTP/1.1" 201 279 "-" "PostmanRuntime/7.37.3"

info: ::1 - - [11/Feb/2025:05:06:29 +0000] "GET /api/v1 HTTP/1.1" 200 9 "-" "Mozilla/5.0 (Windows NT 10.0; Win64; x64) AppleWebKit/537.36 (KHTML, like Gecko) Chrome/132.0.0.0 Safari/537.36"

info: ::1 - - [11/Feb/2025:05:06:29 +0000] "GET /favicon.ico HTTP/1.1" 404 47 "-" "Mozilla/5.0 (Windows NT 10.0; Win64; x64) AppleWebKit/537.36 (KHTML, like Gecko) Chrome/132.0.0.0 Safari/537.36"

info: ::1 - - [11/Feb/2025:05:07:56 +0000] "POST /api/v1/users HTTP/1.1" 500 69 "-" "PostmanRuntime/7.37.3"

info: ::1 - - [11/Feb/2025:05:08:16 +0000] "POST /api/v1/users HTTP/1.1" 500 51 "-" "PostmanRuntime/7.37.3"

info: ::1 - - [11/Feb/2025:05:44:42 +0000] "GET /api/v1/users HTTP/1.1" 200 499 "-" "PostmanRuntime/7.37.3"

info: ::1 - - [11/Feb/2025:05:58:37 +0000] "GET /api/v1/users HTTP/1.1" 200 499 "-" "PostmanRuntime/7.37.3"

info: ::1 - - [11/Feb/2025:06:26:56 +0000] "POST /api/v1/users HTTP/1.1" 201 386 "-" "PostmanRuntime/7.37.3"

info: ::1 - - [11/Feb/2025:08:35:10 +0000] "POST /api/v1/users HTTP/1.1" 201 112 "-" "PostmanRuntime/7.43.0"

info: ::1 - - [11/Feb/2025:08:35:23 +0000] "GET /api/v1/users HTTP/1.1" 200 644 "-" "PostmanRuntime/7.43.0"

info: ::1 - - [11/Feb/2025:08:36:12 +0000] "GET /api/v1/users HTTP/1.1" 200 762 "-" "PostmanRuntime/7.43.0"

info: ::1 - - [11/Feb/2025:08:36:54 +0000] "POST /api/v1/users HTTP/1.1" 500 93 "-" "PostmanRuntime/7.43.0"

info: ::1 - - [11/Feb/2025:08:37:02 +0000] "POST /api/v1/users HTTP/1.1" 500 93 "-" "PostmanRuntime/7.43.0"

info: ::1 - - [11/Feb/2025:08:37:08 +0000] "POST /api/v1/users HTTP/1.1" 201 384 "-" "PostmanRuntime/7.43.0"

info: ::1 - - [11/Feb/2025:08:39:30 +0000] "POST /api/v1/users/login HTTP/1.1" 404 47 "-" "PostmanRuntime/7.43.0"

info: ::1 - - [11/Feb/2025:08:46:11 +0000] "POST /api/v1/users/login HTTP/1.1" 500 51 "-" "PostmanRuntime/7.43.0"

info: ::1 - - [11/Feb/2025:08:47:29 +0000] "POST /api/v1/users/login HTTP/1.1" 500 53 "-" "PostmanRuntime/7.43.0"

info: ::1 - - [11/Feb/2025:08:48:21 +0000] "POST /api/v1/users/login HTTP/1.1" 500 68 "-" "PostmanRuntime/7.43.0"

info: ::1 - - [11/Feb/2025:08:51:20 +0000] "POST /api/v1/users/login HTTP/1.1" 500 68 "-" "PostmanRuntime/7.43.0"

info: ::1 - - [11/Feb/2025:09:03:36 +0000] "POST /api/v1/users/login HTTP/1.1" 200 362 "-" "PostmanRuntime/7.43.0"

info: ::1 - - [11/Feb/2025:09:23:47 +0000] "POST /api/v1/users/login HTTP/1.1" 500 53 "-" "PostmanRuntime/7.43.0"

info: ::1 - - [11/Feb/2025:09:25:36 +0000] "POST /api/v1/users/ HTTP/1.1" 201 386 "-" "PostmanRuntime/7.43.0"

info: ::1 - - [11/Feb/2025:09:25:52 +0000] "POST /api/v1/users/login HTTP/1.1" 500 53 "-" "PostmanRuntime/7.43.0"

info: ::1 - - [11/Feb/2025:09:57:45 +0000] "POST /api/v1/users/login HTTP/1.1" 200 275 "-" "PostmanRuntime/7.43.0"

info: ::1 - - [11/Feb/2025:10:17:40 +0000] "POST /api/v1/notes HTTP/1.1" 404 47 "-" "PostmanRuntime/7.43.0"

info: ::1 - - [11/Feb/2025:10:18:16 +0000] "POST /api/v1/notes HTTP/1.1" 404 47 "-" "PostmanRuntime/7.43.0"

error: uncaughtException: Router.use() requires a middleware function
TypeError: Router.use() requires a middleware function
    at Function.use (D:\My College\CUIET\8 Semesters\BridgeLabz\BL_javascript\Backend\fundo-project\node_modules\express\lib\router\index.js:462:11)
    at routes (D:\My College\CUIET\8 Semesters\BridgeLabz\BL_javascript\Backend\fundo-project\src\routes\/index.js:16:10)
    at Object.<anonymous> (D:\My College\CUIET\8 Semesters\BridgeLabz\BL_javascript\Backend\fundo-project\src\/index.js:32:38)
    at Module._compile (node:internal/modules/cjs/loader:1562:14)
    at Module._compile (D:\My College\CUIET\8 Semesters\BridgeLabz\BL_javascript\Backend\fundo-project\node_modules\pirates\lib\index.js:117:24)
    at node:internal/modules/cjs/loader:1699:10
    at Object.newLoader [as .js] (D:\My College\CUIET\8 Semesters\BridgeLabz\BL_javascript\Backend\fundo-project\node_modules\pirates\lib\index.js:121:7)
    at Module.load (node:internal/modules/cjs/loader:1313:32)
    at Function._load (node:internal/modules/cjs/loader:1123:12)
    at TracingChannel.traceSync (node:diagnostics_channel:322:14)
    at wrapModuleLoad (node:internal/modules/cjs/loader:217:24)
    at Function.runMain (node:internal/modules/run_main:170:5)
    at Object.<anonymous> (D:\My College\CUIET\8 Semesters\BridgeLabz\BL_javascript\Backend\fundo-project\node_modules\@babel\node\src\_babel-node.ts:159:12)
    at Module._compile (node:internal/modules/cjs/loader:1562:14)
    at Object.<anonymous> (node:internal/modules/cjs/loader:1699:10)
    at Module.load (node:internal/modules/cjs/loader:1313:32)
    at Function._load (node:internal/modules/cjs/loader:1123:12)
    at TracingChannel.traceSync (node:diagnostics_channel:322:14)
    at wrapModuleLoad (node:internal/modules/cjs/loader:217:24)
    at Function.executeUserEntryPoint [as runMain] (node:internal/modules/run_main:170:5)
    at node:internal/main/run_main_module:36:49 {"date":"Tue Feb 11 2025 18:16:38 GMT+0530 (India Standard Time)","error":{},"exception":true,"os":{"loadavg":[0,0,0],"uptime":899187.453},"process":{"argv":["node","D:\\My College\\CUIET\\8 Semesters\\BridgeLabz\\BL_javascript\\Backend\\fundo-project\\src\\index.js"],"cwd":"D:\\My College\\CUIET\\8 Semesters\\BridgeLabz\\BL_javascript\\Backend\\fundo-project","execPath":"C:\\Program Files\\nodejs\\node.exe","gid":null,"memoryUsage":{"arrayBuffers":18286389,"external":21389591,"heapTotal":92237824,"heapUsed":50946352,"rss":139083776},"pid":16816,"uid":null,"version":"v22.13.0"},"stack":"TypeError: Router.use() requires a middleware function\n    at Function.use (D:\\My College\\CUIET\\8 Semesters\\BridgeLabz\\BL_javascript\\Backend\\fundo-project\\node_modules\\express\\lib\\router\\index.js:462:11)\n    at routes (D:\\My College\\CUIET\\8 Semesters\\BridgeLabz\\BL_javascript\\Backend\\fundo-project\\src\\routes\\/index.js:16:10)\n    at Object.<anonymous> (D:\\My College\\CUIET\\8 Semesters\\BridgeLabz\\BL_javascript\\Backend\\fundo-project\\src\\/index.js:32:38)\n    at Module._compile (node:internal/modules/cjs/loader:1562:14)\n    at Module._compile (D:\\My College\\CUIET\\8 Semesters\\BridgeLabz\\BL_javascript\\Backend\\fundo-project\\node_modules\\pirates\\lib\\index.js:117:24)\n    at node:internal/modules/cjs/loader:1699:10\n    at Object.newLoader [as .js] (D:\\My College\\CUIET\\8 Semesters\\BridgeLabz\\BL_javascript\\Backend\\fundo-project\\node_modules\\pirates\\lib\\index.js:121:7)\n    at Module.load (node:internal/modules/cjs/loader:1313:32)\n    at Function._load (node:internal/modules/cjs/loader:1123:12)\n    at TracingChannel.traceSync (node:diagnostics_channel:322:14)\n    at wrapModuleLoad (node:internal/modules/cjs/loader:217:24)\n    at Function.runMain (node:internal/modules/run_main:170:5)\n    at Object.<anonymous> (D:\\My College\\CUIET\\8 Semesters\\BridgeLabz\\BL_javascript\\Backend\\fundo-project\\node_modules\\@babel\\node\\src\\_babel-node.ts:159:12)\n    at Module._compile (node:internal/modules/cjs/loader:1562:14)\n    at Object.<anonymous> (node:internal/modules/cjs/loader:1699:10)\n    at Module.load (node:internal/modules/cjs/loader:1313:32)\n    at Function._load (node:internal/modules/cjs/loader:1123:12)\n    at TracingChannel.traceSync (node:diagnostics_channel:322:14)\n    at wrapModuleLoad (node:internal/modules/cjs/loader:217:24)\n    at Function.executeUserEntryPoint [as runMain] (node:internal/modules/run_main:170:5)\n    at node:internal/main/run_main_module:36:49","trace":[{"column":11,"file":"D:\\My College\\CUIET\\8 Semesters\\BridgeLabz\\BL_javascript\\Backend\\fundo-project\\node_modules\\express\\lib\\router\\index.js","function":"Function.use","line":462,"method":"use","native":false},{"column":10,"file":"D:\\My College\\CUIET\\8 Semesters\\BridgeLabz\\BL_javascript\\Backend\\fundo-project\\src\\routes\\/index.js","function":"routes","line":16,"method":null,"native":false},{"column":38,"file":"D:\\My College\\CUIET\\8 Semesters\\BridgeLabz\\BL_javascript\\Backend\\fundo-project\\src\\/index.js","function":null,"line":32,"method":null,"native":false},{"column":14,"file":"node:internal/modules/cjs/loader","function":"Module._compile","line":1562,"method":"_compile","native":false},{"column":24,"file":"D:\\My College\\CUIET\\8 Semesters\\BridgeLabz\\BL_javascript\\Backend\\fundo-project\\node_modules\\pirates\\lib\\index.js","function":"Module._compile","line":117,"method":"_compile","native":false},{"column":10,"file":"node:internal/modules/cjs/loader","function":null,"line":1699,"method":null,"native":false},{"column":7,"file":"D:\\My College\\CUIET\\8 Semesters\\BridgeLabz\\BL_javascript\\Backend\\fundo-project\\node_modules\\pirates\\lib\\index.js","function":"Object.newLoader [as .js]","line":121,"method":"js]","native":false},{"column":32,"file":"node:internal/modules/cjs/loader","function":"Module.load","line":1313,"method":"load","native":false},{"column":12,"file":"node:internal/modules/cjs/loader","function":"Function._load","line":1123,"method":"_load","native":false},{"column":14,"file":"node:diagnostics_channel","function":"TracingChannel.traceSync","line":322,"method":"traceSync","native":false},{"column":24,"file":"node:internal/modules/cjs/loader","function":"wrapModuleLoad","line":217,"method":null,"native":false},{"column":5,"file":"node:internal/modules/run_main","function":"Function.runMain","line":170,"method":"runMain","native":false},{"column":12,"file":"D:\\My College\\CUIET\\8 Semesters\\BridgeLabz\\BL_javascript\\Backend\\fundo-project\\node_modules\\@babel\\node\\src\\_babel-node.ts","function":null,"line":159,"method":null,"native":false},{"column":14,"file":"node:internal/modules/cjs/loader","function":"Module._compile","line":1562,"method":"_compile","native":false},{"column":10,"file":"node:internal/modules/cjs/loader","function":null,"line":1699,"method":null,"native":false},{"column":32,"file":"node:internal/modules/cjs/loader","function":"Module.load","line":1313,"method":"load","native":false},{"column":12,"file":"node:internal/modules/cjs/loader","function":"Function._load","line":1123,"method":"_load","native":false},{"column":14,"file":"node:diagnostics_channel","function":"TracingChannel.traceSync","line":322,"method":"traceSync","native":false},{"column":24,"file":"node:internal/modules/cjs/loader","function":"wrapModuleLoad","line":217,"method":null,"native":false},{"column":5,"file":"node:internal/modules/run_main","function":"Function.executeUserEntryPoint [as runMain]","line":170,"method":"executeUserEntryPoint [as runMain]","native":false},{"column":49,"file":"node:internal/main/run_main_module","function":null,"line":36,"method":null,"native":false}]}
error: uncaughtException: Router.use() requires a middleware function
TypeError: Router.use() requires a middleware function
    at Function.use (D:\My College\CUIET\8 Semesters\BridgeLabz\BL_javascript\Backend\fundo-project\node_modules\express\lib\router\index.js:462:11)
    at routes (D:\My College\CUIET\8 Semesters\BridgeLabz\BL_javascript\Backend\fundo-project\src\routes\/index.js:16:10)
    at Object.<anonymous> (D:\My College\CUIET\8 Semesters\BridgeLabz\BL_javascript\Backend\fundo-project\src\/index.js:32:38)
    at Module._compile (node:internal/modules/cjs/loader:1562:14)
    at Module._compile (D:\My College\CUIET\8 Semesters\BridgeLabz\BL_javascript\Backend\fundo-project\node_modules\pirates\lib\index.js:117:24)
    at node:internal/modules/cjs/loader:1699:10
    at Object.newLoader [as .js] (D:\My College\CUIET\8 Semesters\BridgeLabz\BL_javascript\Backend\fundo-project\node_modules\pirates\lib\index.js:121:7)
    at Module.load (node:internal/modules/cjs/loader:1313:32)
    at Function._load (node:internal/modules/cjs/loader:1123:12)
    at TracingChannel.traceSync (node:diagnostics_channel:322:14)
    at wrapModuleLoad (node:internal/modules/cjs/loader:217:24)
    at Function.runMain (node:internal/modules/run_main:170:5)
    at Object.<anonymous> (D:\My College\CUIET\8 Semesters\BridgeLabz\BL_javascript\Backend\fundo-project\node_modules\@babel\node\src\_babel-node.ts:159:12)
    at Module._compile (node:internal/modules/cjs/loader:1562:14)
    at Object.<anonymous> (node:internal/modules/cjs/loader:1699:10)
    at Module.load (node:internal/modules/cjs/loader:1313:32)
    at Function._load (node:internal/modules/cjs/loader:1123:12)
    at TracingChannel.traceSync (node:diagnostics_channel:322:14)
    at wrapModuleLoad (node:internal/modules/cjs/loader:217:24)
    at Function.executeUserEntryPoint [as runMain] (node:internal/modules/run_main:170:5)
    at node:internal/main/run_main_module:36:49 {"date":"Tue Feb 11 2025 18:16:42 GMT+0530 (India Standard Time)","error":{},"exception":true,"os":{"loadavg":[0,0,0],"uptime":899191.093},"process":{"argv":["node","D:\\My College\\CUIET\\8 Semesters\\BridgeLabz\\BL_javascript\\Backend\\fundo-project\\src\\index.js"],"cwd":"D:\\My College\\CUIET\\8 Semesters\\BridgeLabz\\BL_javascript\\Backend\\fundo-project","execPath":"C:\\Program Files\\nodejs\\node.exe","gid":null,"memoryUsage":{"arrayBuffers":18286426,"external":21389628,"heapTotal":91975680,"heapUsed":62139328,"rss":137986048},"pid":18148,"uid":null,"version":"v22.13.0"},"stack":"TypeError: Router.use() requires a middleware function\n    at Function.use (D:\\My College\\CUIET\\8 Semesters\\BridgeLabz\\BL_javascript\\Backend\\fundo-project\\node_modules\\express\\lib\\router\\index.js:462:11)\n    at routes (D:\\My College\\CUIET\\8 Semesters\\BridgeLabz\\BL_javascript\\Backend\\fundo-project\\src\\routes\\/index.js:16:10)\n    at Object.<anonymous> (D:\\My College\\CUIET\\8 Semesters\\BridgeLabz\\BL_javascript\\Backend\\fundo-project\\src\\/index.js:32:38)\n    at Module._compile (node:internal/modules/cjs/loader:1562:14)\n    at Module._compile (D:\\My College\\CUIET\\8 Semesters\\BridgeLabz\\BL_javascript\\Backend\\fundo-project\\node_modules\\pirates\\lib\\index.js:117:24)\n    at node:internal/modules/cjs/loader:1699:10\n    at Object.newLoader [as .js] (D:\\My College\\CUIET\\8 Semesters\\BridgeLabz\\BL_javascript\\Backend\\fundo-project\\node_modules\\pirates\\lib\\index.js:121:7)\n    at Module.load (node:internal/modules/cjs/loader:1313:32)\n    at Function._load (node:internal/modules/cjs/loader:1123:12)\n    at TracingChannel.traceSync (node:diagnostics_channel:322:14)\n    at wrapModuleLoad (node:internal/modules/cjs/loader:217:24)\n    at Function.runMain (node:internal/modules/run_main:170:5)\n    at Object.<anonymous> (D:\\My College\\CUIET\\8 Semesters\\BridgeLabz\\BL_javascript\\Backend\\fundo-project\\node_modules\\@babel\\node\\src\\_babel-node.ts:159:12)\n    at Module._compile (node:internal/modules/cjs/loader:1562:14)\n    at Object.<anonymous> (node:internal/modules/cjs/loader:1699:10)\n    at Module.load (node:internal/modules/cjs/loader:1313:32)\n    at Function._load (node:internal/modules/cjs/loader:1123:12)\n    at TracingChannel.traceSync (node:diagnostics_channel:322:14)\n    at wrapModuleLoad (node:internal/modules/cjs/loader:217:24)\n    at Function.executeUserEntryPoint [as runMain] (node:internal/modules/run_main:170:5)\n    at node:internal/main/run_main_module:36:49","trace":[{"column":11,"file":"D:\\My College\\CUIET\\8 Semesters\\BridgeLabz\\BL_javascript\\Backend\\fundo-project\\node_modules\\express\\lib\\router\\index.js","function":"Function.use","line":462,"method":"use","native":false},{"column":10,"file":"D:\\My College\\CUIET\\8 Semesters\\BridgeLabz\\BL_javascript\\Backend\\fundo-project\\src\\routes\\/index.js","function":"routes","line":16,"method":null,"native":false},{"column":38,"file":"D:\\My College\\CUIET\\8 Semesters\\BridgeLabz\\BL_javascript\\Backend\\fundo-project\\src\\/index.js","function":null,"line":32,"method":null,"native":false},{"column":14,"file":"node:internal/modules/cjs/loader","function":"Module._compile","line":1562,"method":"_compile","native":false},{"column":24,"file":"D:\\My College\\CUIET\\8 Semesters\\BridgeLabz\\BL_javascript\\Backend\\fundo-project\\node_modules\\pirates\\lib\\index.js","function":"Module._compile","line":117,"method":"_compile","native":false},{"column":10,"file":"node:internal/modules/cjs/loader","function":null,"line":1699,"method":null,"native":false},{"column":7,"file":"D:\\My College\\CUIET\\8 Semesters\\BridgeLabz\\BL_javascript\\Backend\\fundo-project\\node_modules\\pirates\\lib\\index.js","function":"Object.newLoader [as .js]","line":121,"method":"js]","native":false},{"column":32,"file":"node:internal/modules/cjs/loader","function":"Module.load","line":1313,"method":"load","native":false},{"column":12,"file":"node:internal/modules/cjs/loader","function":"Function._load","line":1123,"method":"_load","native":false},{"column":14,"file":"node:diagnostics_channel","function":"TracingChannel.traceSync","line":322,"method":"traceSync","native":false},{"column":24,"file":"node:internal/modules/cjs/loader","function":"wrapModuleLoad","line":217,"method":null,"native":false},{"column":5,"file":"node:internal/modules/run_main","function":"Function.runMain","line":170,"method":"runMain","native":false},{"column":12,"file":"D:\\My College\\CUIET\\8 Semesters\\BridgeLabz\\BL_javascript\\Backend\\fundo-project\\node_modules\\@babel\\node\\src\\_babel-node.ts","function":null,"line":159,"method":null,"native":false},{"column":14,"file":"node:internal/modules/cjs/loader","function":"Module._compile","line":1562,"method":"_compile","native":false},{"column":10,"file":"node:internal/modules/cjs/loader","function":null,"line":1699,"method":null,"native":false},{"column":32,"file":"node:internal/modules/cjs/loader","function":"Module.load","line":1313,"method":"load","native":false},{"column":12,"file":"node:internal/modules/cjs/loader","function":"Function._load","line":1123,"method":"_load","native":false},{"column":14,"file":"node:diagnostics_channel","function":"TracingChannel.traceSync","line":322,"method":"traceSync","native":false},{"column":24,"file":"node:internal/modules/cjs/loader","function":"wrapModuleLoad","line":217,"method":null,"native":false},{"column":5,"file":"node:internal/modules/run_main","function":"Function.executeUserEntryPoint [as runMain]","line":170,"method":"executeUserEntryPoint [as runMain]","native":false},{"column":49,"file":"node:internal/main/run_main_module","function":null,"line":36,"method":null,"native":false}]}
info: ::1 - - [11/Feb/2025:12:46:48 +0000] "POST /api/v1/notes HTTP/1.1" 404 47 "-" "PostmanRuntime/7.43.0"

info: ::1 - - [11/Feb/2025:12:49:49 +0000] "POST /api/v1/notes HTTP/1.1" 404 47 "-" "PostmanRuntime/7.43.0"

info: ::1 - - [11/Feb/2025:12:50:05 +0000] "POST /api/v1/notes HTTP/1.1" 404 47 "-" "PostmanRuntime/7.43.0"

info: ::1 - - [11/Feb/2025:12:50:48 +0000] "POST /api/v1/notes HTTP/1.1" 404 47 "-" "PostmanRuntime/7.43.0"

info: ::1 - - [11/Feb/2025:12:52:05 +0000] "POST /api/v1/notes HTTP/1.1" 404 47 "-" "PostmanRuntime/7.43.0"

info: ::1 - - [11/Feb/2025:12:52:36 +0000] "POST /api/v1/notes HTTP/1.1" 404 47 "-" "PostmanRuntime/7.43.0"

info: ::1 - - [11/Feb/2025:12:52:44 +0000] "POST /api/v1/notes HTTP/1.1" 404 47 "-" "PostmanRuntime/7.43.0"

info: ::1 - - [11/Feb/2025:12:53:30 +0000] "GET /api/v1/notes HTTP/1.1" 404 47 "-" "PostmanRuntime/7.43.0"

info: ::1 - - [11/Feb/2025:12:54:24 +0000] "GET /api/v1/notes HTTP/1.1" 404 47 "-" "PostmanRuntime/7.43.0"

error: uncaughtException: api_version is not defined
ReferenceError: api_version is not defined
    at routes (D:\My College\CUIET\8 Semesters\BridgeLabz\BL_javascript\Backend\fundo-project\src\routes\/index.js:17:45)
    at Object.<anonymous> (D:\My College\CUIET\8 Semesters\BridgeLabz\BL_javascript\Backend\fundo-project\src\/index.js:32:38)
    at Module._compile (node:internal/modules/cjs/loader:1562:14)
    at Module._compile (D:\My College\CUIET\8 Semesters\BridgeLabz\BL_javascript\Backend\fundo-project\node_modules\pirates\lib\index.js:117:24)
    at node:internal/modules/cjs/loader:1699:10
    at Object.newLoader [as .js] (D:\My College\CUIET\8 Semesters\BridgeLabz\BL_javascript\Backend\fundo-project\node_modules\pirates\lib\index.js:121:7)
    at Module.load (node:internal/modules/cjs/loader:1313:32)
    at Function._load (node:internal/modules/cjs/loader:1123:12)
    at TracingChannel.traceSync (node:diagnostics_channel:322:14)
    at wrapModuleLoad (node:internal/modules/cjs/loader:217:24)
    at Function.runMain (node:internal/modules/run_main:170:5)
    at Object.<anonymous> (D:\My College\CUIET\8 Semesters\BridgeLabz\BL_javascript\Backend\fundo-project\node_modules\@babel\node\src\_babel-node.ts:159:12)
    at Module._compile (node:internal/modules/cjs/loader:1562:14)
    at Object.<anonymous> (node:internal/modules/cjs/loader:1699:10)
    at Module.load (node:internal/modules/cjs/loader:1313:32)
    at Function._load (node:internal/modules/cjs/loader:1123:12)
    at TracingChannel.traceSync (node:diagnostics_channel:322:14)
    at wrapModuleLoad (node:internal/modules/cjs/loader:217:24)
    at Function.executeUserEntryPoint [as runMain] (node:internal/modules/run_main:170:5)
    at node:internal/main/run_main_module:36:49 {"date":"Tue Feb 11 2025 18:32:08 GMT+0530 (India Standard Time)","error":{},"exception":true,"os":{"loadavg":[0,0,0],"uptime":900117.531},"process":{"argv":["node","D:\\My College\\CUIET\\8 Semesters\\BridgeLabz\\BL_javascript\\Backend\\fundo-project\\src\\index.js"],"cwd":"D:\\My College\\CUIET\\8 Semesters\\BridgeLabz\\BL_javascript\\Backend\\fundo-project","execPath":"C:\\Program Files\\nodejs\\node.exe","gid":null,"memoryUsage":{"arrayBuffers":18285276,"external":21388478,"heapTotal":90664960,"heapUsed":56845168,"rss":134639616},"pid":3252,"uid":null,"version":"v22.13.0"},"stack":"ReferenceError: api_version is not defined\n    at routes (D:\\My College\\CUIET\\8 Semesters\\BridgeLabz\\BL_javascript\\Backend\\fundo-project\\src\\routes\\/index.js:17:45)\n    at Object.<anonymous> (D:\\My College\\CUIET\\8 Semesters\\BridgeLabz\\BL_javascript\\Backend\\fundo-project\\src\\/index.js:32:38)\n    at Module._compile (node:internal/modules/cjs/loader:1562:14)\n    at Module._compile (D:\\My College\\CUIET\\8 Semesters\\BridgeLabz\\BL_javascript\\Backend\\fundo-project\\node_modules\\pirates\\lib\\index.js:117:24)\n    at node:internal/modules/cjs/loader:1699:10\n    at Object.newLoader [as .js] (D:\\My College\\CUIET\\8 Semesters\\BridgeLabz\\BL_javascript\\Backend\\fundo-project\\node_modules\\pirates\\lib\\index.js:121:7)\n    at Module.load (node:internal/modules/cjs/loader:1313:32)\n    at Function._load (node:internal/modules/cjs/loader:1123:12)\n    at TracingChannel.traceSync (node:diagnostics_channel:322:14)\n    at wrapModuleLoad (node:internal/modules/cjs/loader:217:24)\n    at Function.runMain (node:internal/modules/run_main:170:5)\n    at Object.<anonymous> (D:\\My College\\CUIET\\8 Semesters\\BridgeLabz\\BL_javascript\\Backend\\fundo-project\\node_modules\\@babel\\node\\src\\_babel-node.ts:159:12)\n    at Module._compile (node:internal/modules/cjs/loader:1562:14)\n    at Object.<anonymous> (node:internal/modules/cjs/loader:1699:10)\n    at Module.load (node:internal/modules/cjs/loader:1313:32)\n    at Function._load (node:internal/modules/cjs/loader:1123:12)\n    at TracingChannel.traceSync (node:diagnostics_channel:322:14)\n    at wrapModuleLoad (node:internal/modules/cjs/loader:217:24)\n    at Function.executeUserEntryPoint [as runMain] (node:internal/modules/run_main:170:5)\n    at node:internal/main/run_main_module:36:49","trace":[{"column":45,"file":"D:\\My College\\CUIET\\8 Semesters\\BridgeLabz\\BL_javascript\\Backend\\fundo-project\\src\\routes\\/index.js","function":"routes","line":17,"method":null,"native":false},{"column":38,"file":"D:\\My College\\CUIET\\8 Semesters\\BridgeLabz\\BL_javascript\\Backend\\fundo-project\\src\\/index.js","function":null,"line":32,"method":null,"native":false},{"column":14,"file":"node:internal/modules/cjs/loader","function":"Module._compile","line":1562,"method":"_compile","native":false},{"column":24,"file":"D:\\My College\\CUIET\\8 Semesters\\BridgeLabz\\BL_javascript\\Backend\\fundo-project\\node_modules\\pirates\\lib\\index.js","function":"Module._compile","line":117,"method":"_compile","native":false},{"column":10,"file":"node:internal/modules/cjs/loader","function":null,"line":1699,"method":null,"native":false},{"column":7,"file":"D:\\My College\\CUIET\\8 Semesters\\BridgeLabz\\BL_javascript\\Backend\\fundo-project\\node_modules\\pirates\\lib\\index.js","function":"Object.newLoader [as .js]","line":121,"method":"js]","native":false},{"column":32,"file":"node:internal/modules/cjs/loader","function":"Module.load","line":1313,"method":"load","native":false},{"column":12,"file":"node:internal/modules/cjs/loader","function":"Function._load","line":1123,"method":"_load","native":false},{"column":14,"file":"node:diagnostics_channel","function":"TracingChannel.traceSync","line":322,"method":"traceSync","native":false},{"column":24,"file":"node:internal/modules/cjs/loader","function":"wrapModuleLoad","line":217,"method":null,"native":false},{"column":5,"file":"node:internal/modules/run_main","function":"Function.runMain","line":170,"method":"runMain","native":false},{"column":12,"file":"D:\\My College\\CUIET\\8 Semesters\\BridgeLabz\\BL_javascript\\Backend\\fundo-project\\node_modules\\@babel\\node\\src\\_babel-node.ts","function":null,"line":159,"method":null,"native":false},{"column":14,"file":"node:internal/modules/cjs/loader","function":"Module._compile","line":1562,"method":"_compile","native":false},{"column":10,"file":"node:internal/modules/cjs/loader","function":null,"line":1699,"method":null,"native":false},{"column":32,"file":"node:internal/modules/cjs/loader","function":"Module.load","line":1313,"method":"load","native":false},{"column":12,"file":"node:internal/modules/cjs/loader","function":"Function._load","line":1123,"method":"_load","native":false},{"column":14,"file":"node:diagnostics_channel","function":"TracingChannel.traceSync","line":322,"method":"traceSync","native":false},{"column":24,"file":"node:internal/modules/cjs/loader","function":"wrapModuleLoad","line":217,"method":null,"native":false},{"column":5,"file":"node:internal/modules/run_main","function":"Function.executeUserEntryPoint [as runMain]","line":170,"method":"executeUserEntryPoint [as runMain]","native":false},{"column":49,"file":"node:internal/main/run_main_module","function":null,"line":36,"method":null,"native":false}]}
info: ::1 - - [11/Feb/2025:13:02:28 +0000] "GET /api/v1/notes HTTP/1.1" 404 47 "-" "PostmanRuntime/7.43.0"

info: ::1 - - [11/Feb/2025:13:05:05 +0000] "POST /api/v1/users/login HTTP/1.1" 400 50 "-" "PostmanRuntime/7.43.0"

info: ::1 - - [11/Feb/2025:13:05:18 +0000] "POST /api/v1/users HTTP/1.1" 500 55 "-" "PostmanRuntime/7.43.0"

info: ::1 - - [11/Feb/2025:13:05:34 +0000] "POST /api/v1/users HTTP/1.1" 500 73 "-" "PostmanRuntime/7.43.0"

info: ::1 - - [11/Feb/2025:13:05:41 +0000] "POST /api/v1/users HTTP/1.1" 201 357 "-" "PostmanRuntime/7.43.0"

info: ::1 - - [11/Feb/2025:13:05:57 +0000] "POST /api/v1/users/login HTTP/1.1" 200 272 "-" "PostmanRuntime/7.43.0"

info: ::1 - - [11/Feb/2025:13:06:47 +0000] "GET /api/v1/notes HTTP/1.1" 404 47 "-" "PostmanRuntime/7.43.0"

info: ::1 - - [11/Feb/2025:13:08:51 +0000] "GET /api/v1/notes HTTP/1.1" 404 47 "-" "PostmanRuntime/7.43.0"

info: ::1 - - [11/Feb/2025:13:09:09 +0000] "GET /api/v1/notes HTTP/1.1" 404 47 "-" "PostmanRuntime/7.43.0"

info: ::1 - - [11/Feb/2025:13:09:40 +0000] "GET /api/v1/notes HTTP/1.1" 404 47 "-" "PostmanRuntime/7.43.0"

info: ::1 - - [11/Feb/2025:13:10:14 +0000] "GET /api/v1/notes HTTP/1.1" 404 47 "-" "PostmanRuntime/7.43.0"

info: ::1 - - [11/Feb/2025:13:12:40 +0000] "GET /api/v1/notes HTTP/1.1" 404 47 "-" "PostmanRuntime/7.43.0"

info: ::1 - - [11/Feb/2025:13:14:12 +0000] "GET /api/v1/notes HTTP/1.1" 404 47 "-" "PostmanRuntime/7.43.0"

info: ::1 - - [11/Feb/2025:13:22:55 +0000] "POST /api/v1/notes HTTP/1.1" 500 48 "-" "PostmanRuntime/7.43.0"

info: ::1 - - [11/Feb/2025:13:23:38 +0000] "POST /api/v1/notes HTTP/1.1" 500 48 "-" "PostmanRuntime/7.43.0"

info: ::1 - - [11/Feb/2025:13:24:16 +0000] "POST /api/v1/notes HTTP/1.1" 500 48 "-" "PostmanRuntime/7.43.0"

info: ::1 - - [11/Feb/2025:13:25:24 +0000] "POST /api/v1/notes HTTP/1.1" 500 48 "-" "PostmanRuntime/7.43.0"

info: ::1 - - [11/Feb/2025:13:26:09 +0000] "POST /api/v1/notes HTTP/1.1" 500 48 "-" "PostmanRuntime/7.43.0"

info: ::1 - - [11/Feb/2025:13:27:14 +0000] "POST /api/v1/notes HTTP/1.1" 500 48 "-" "PostmanRuntime/7.43.0"

info: ::1 - - [11/Feb/2025:13:29:33 +0000] "POST /api/v1/notes HTTP/1.1" 500 48 "-" "PostmanRuntime/7.43.0"

info: ::1 - - [11/Feb/2025:13:30:17 +0000] "POST /api/v1/users/login HTTP/1.1" 200 275 "-" "PostmanRuntime/7.43.0"

info: ::1 - - [11/Feb/2025:13:30:57 +0000] "POST /api/v1/notes HTTP/1.1" 500 48 "-" "PostmanRuntime/7.43.0"

info: ::1 - - [11/Feb/2025:13:36:21 +0000] "POST /api/v1/notes HTTP/1.1" 401 38 "-" "PostmanRuntime/7.43.0"

info: ::1 - - [12/Feb/2025:04:22:11 +0000] "GET /api/v1/users HTTP/1.1" 400 56 "-" "PostmanRuntime/7.43.0"

info: ::1 - - [12/Feb/2025:04:22:23 +0000] "POST /api/v1/users HTTP/1.1" 500 55 "-" "PostmanRuntime/7.43.0"

info: ::1 - - [12/Feb/2025:04:22:44 +0000] "GET /api/v1/users HTTP/1.1" 400 56 "-" "PostmanRuntime/7.43.0"

info: ::1 - - [12/Feb/2025:04:23:41 +0000] "GET /api/v1/users HTTP/1.1" 400 56 "-" "PostmanRuntime/7.43.0"

info: ::1 - - [12/Feb/2025:04:24:46 +0000] "GET /api/v1/users HTTP/1.1" 400 56 "-" "PostmanRuntime/7.43.0"

info: ::1 - - [12/Feb/2025:04:25:06 +0000] "GET /api/v1/users HTTP/1.1" 400 56 "-" "PostmanRuntime/7.43.0"

info: ::1 - - [12/Feb/2025:04:26:54 +0000] "POST /api/v1/users/login HTTP/1.1" 400 50 "-" "PostmanRuntime/7.43.0"

info: ::1 - - [12/Feb/2025:04:27:00 +0000] "POST /api/v1/users/login HTTP/1.1" 200 275 "-" "PostmanRuntime/7.43.0"

info: ::1 - - [12/Feb/2025:04:27:48 +0000] "POST /api/v1/notes HTTP/1.1" 400 44 "-" "PostmanRuntime/7.43.0"

info: ::1 - - [12/Feb/2025:04:33:35 +0000] "POST /api/v1/notes HTTP/1.1" 400 44 "-" "PostmanRuntime/7.43.0"

info: ::1 - - [12/Feb/2025:04:37:09 +0000] "POST /api/v1/users/login HTTP/1.1" 200 317 "-" "PostmanRuntime/7.43.0"

info: ::1 - - [12/Feb/2025:04:37:22 +0000] "GET /api/v1/users HTTP/1.1" 400 56 "-" "PostmanRuntime/7.43.0"

info: ::1 - - [12/Feb/2025:04:37:31 +0000] "POST /api/v1/users/login HTTP/1.1" 200 317 "-" "PostmanRuntime/7.43.0"

info: ::1 - - [12/Feb/2025:04:38:30 +0000] "POST /api/v1/notes HTTP/1.1" 400 44 "-" "PostmanRuntime/7.43.0"

info: ::1 - - [12/Feb/2025:04:41:52 +0000] "POST /api/v1/notes HTTP/1.1" 201 268 "-" "PostmanRuntime/7.43.0"

info: ::1 - - [12/Feb/2025:05:02:36 +0000] "PUT /api/v1/notes HTTP/1.1" 202 86 "-" "PostmanRuntime/7.43.0"

